#
# There is insufficient memory for the Java Runtime Environment to continue.
# Native memory allocation (mmap) failed to map 32505856 bytes for G1 virtual space
# Possible reasons:
#   The system is out of physical RAM or swap space
#   The process is running with CompressedOops enabled, and the Java Heap may be blocking the growth of the native heap
# Possible solutions:
#   Reduce memory load on the system
#   Increase physical memory or swap space
#   Check if swap backing store is full
#   Decrease Java heap size (-Xmx/-Xms)
#   Decrease number of Java threads
#   Decrease Java thread stack sizes (-Xss)
#   Set larger code cache with -XX:ReservedCodeCacheSize=
#   JVM is running with Unscaled Compressed Oops mode in which the Java heap is
#     placed in the first 4GB address space. The Java Heap base address is the
#     maximum limit for the native heap growth. Please use -XX:HeapBaseMinAddress
#     to set the Java Heap base and to place the Java Heap above 4GB virtual address.
# This output file may be truncated or incomplete.
#
#  Out of Memory Error (os_windows.cpp:3548), pid=10140, tid=18144
#
# JRE version: Java(TM) SE Runtime Environment (17.0.10+11) (build 17.0.10+11-LTS-240)
# Java VM: Java HotSpot(TM) 64-Bit Server VM (17.0.10+11-LTS-240, mixed mode, emulated-client, sharing, tiered, compressed oops, compressed class ptrs, g1 gc, windows-amd64)
# No core dump will be written. Minidumps are not enabled by default on client versions of Windows
#

---------------  S U M M A R Y ------------

Command Line: -XX:TieredStopAtLevel=1 -Dspring.output.ansi.enabled=always -Dcom.sun.management.jmxremote -Dspring.jmx.enabled=true -Dspring.liveBeansView.mbeanDomain -Dspring.application.admin.enabled=true -Dmanagement.endpoints.jmx.exposure.include=* -javaagent:C:\Program Files\JetBrains\IntelliJ IDEA 2023.3.4\lib\idea_rt.jar=50734:C:\Program Files\JetBrains\IntelliJ IDEA 2023.3.4\bin -Dfile.encoding=UTF-8 com.example.ecommerce.EcommerceApplication

Host: 11th Gen Intel(R) Core(TM) i5-11400H @ 2.70GHz, 12 cores, 7G,  Windows 11 , 64 bit Build 22621 (10.0.22621.3527)
Time: Sat Apr 27 22:26:16 2024 Egypt Daylight Time elapsed time: 11493.911491 seconds (0d 3h 11m 33s)

---------------  T H R E A D  ---------------

Current thread (0x00000185b105d990):  VMThread "VM Thread" [stack: 0x0000007419800000,0x0000007419900000] [id=18144]

Stack: [0x0000007419800000,0x0000007419900000]
Native frames: (J=compiled Java code, j=interpreted, Vv=VM code, C=native code)
V  [jvm.dll+0x677a5a]
V  [jvm.dll+0x7d8b2d]
V  [jvm.dll+0x7da48e]
V  [jvm.dll+0x7daaf3]
V  [jvm.dll+0x2455ff]
V  [jvm.dll+0x6749b9]
V  [jvm.dll+0x669382]
V  [jvm.dll+0x302e96]
V  [jvm.dll+0x30a416]
V  [jvm.dll+0x359cbe]
V  [jvm.dll+0x359eef]
V  [jvm.dll+0x2d9e88]
V  [jvm.dll+0x2d8295]
V  [jvm.dll+0x2d789c]
V  [jvm.dll+0x31b18b]
V  [jvm.dll+0x7df30b]
V  [jvm.dll+0x7e0044]
V  [jvm.dll+0x7e055d]
V  [jvm.dll+0x7e0934]
V  [jvm.dll+0x7e0a00]
V  [jvm.dll+0x78888a]
V  [jvm.dll+0x676935]
C  [ucrtbase.dll+0x29333]
C  [KERNEL32.DLL+0x1257d]
C  [ntdll.dll+0x5aa48]

VM_Operation (0x000000741c9f7af0): G1CollectForAllocation, mode: safepoint, requested by thread 0x00000185f8229180


---------------  P R O C E S S  ---------------

Threads class SMR info:
_java_thread_list=0x00000185b18b3020, length=32, elements={
0x00000185b1061340, 0x00000185b1063d10, 0x00000185b1077430, 0x00000185b1077df0,
0x00000185b10787b0, 0x00000185b107b580, 0x00000185b107bff0, 0x00000185b10815d0,
0x00000185b1284820, 0x00000185b1286b90, 0x00000185b1286680, 0x00000185b1287ac0,
0x00000185b1286170, 0x00000185b12875b0, 0x00000185b1284310, 0x00000185f8224fb0,
0x00000185f8227320, 0x00000185f8226900, 0x00000185f8226e10, 0x00000185f8227830,
0x00000185f8224590, 0x00000185f8224aa0, 0x00000185f8228c70, 0x00000185f8228250,
0x00000185f8228760, 0x00000185f822aad0, 0x00000185f822a0b0, 0x00000185f8229180,
0x00000185f8229690, 0x00000185f8229ba0, 0x00000185f8224080, 0x00000185f822a5c0
}

Java Threads: ( => current thread )
  0x00000185b1061340 JavaThread "Reference Handler" daemon [_thread_blocked, id=12660, stack(0x0000007419900000,0x0000007419a00000)]
  0x00000185b1063d10 JavaThread "Finalizer" daemon [_thread_blocked, id=16756, stack(0x0000007419a00000,0x0000007419b00000)]
  0x00000185b1077430 JavaThread "Signal Dispatcher" daemon [_thread_blocked, id=2300, stack(0x0000007419b00000,0x0000007419c00000)]
  0x00000185b1077df0 JavaThread "Attach Listener" daemon [_thread_blocked, id=19100, stack(0x0000007419c00000,0x0000007419d00000)]
  0x00000185b10787b0 JavaThread "Service Thread" daemon [_thread_blocked, id=2852, stack(0x0000007419d00000,0x0000007419e00000)]
  0x00000185b107b580 JavaThread "Monitor Deflation Thread" daemon [_thread_blocked, id=3768, stack(0x0000007419e00000,0x0000007419f00000)]
  0x00000185b107bff0 JavaThread "C1 CompilerThread0" daemon [_thread_blocked, id=14832, stack(0x0000007419f00000,0x000000741a000000)]
  0x00000185b10815d0 JavaThread "Sweeper thread" daemon [_thread_blocked, id=3780, stack(0x000000741a000000,0x000000741a100000)]
  0x00000185b1284820 JavaThread "Common-Cleaner" daemon [_thread_blocked, id=6404, stack(0x000000741a100000,0x000000741a200000)]
  0x00000185b1286b90 JavaThread "Notification Thread" daemon [_thread_blocked, id=14208, stack(0x000000741a500000,0x000000741a600000)]
  0x00000185b1286680 JavaThread "RMI TCP Accept-0" daemon [_thread_in_native, id=3080, stack(0x000000741a600000,0x000000741a700000)]
  0x00000185b1287ac0 JavaThread "RMI Scheduler(0)" daemon [_thread_blocked, id=17576, stack(0x000000741b500000,0x000000741b600000)]
  0x00000185b1286170 JavaThread "Catalina-utility-1" [_thread_blocked, id=7940, stack(0x000000741b100000,0x000000741b200000)]
  0x00000185b12875b0 JavaThread "Catalina-utility-2" [_thread_blocked, id=14312, stack(0x000000741b900000,0x000000741ba00000)]
  0x00000185b1284310 JavaThread "container-0" [_thread_blocked, id=16240, stack(0x000000741ba00000,0x000000741bb00000)]
  0x00000185f8224fb0 JavaThread "mysql-cj-abandoned-connection-cleanup" daemon [_thread_blocked, id=15880, stack(0x000000741bb00000,0x000000741bc00000)]
  0x00000185f8227320 JavaThread "HikariPool-1 housekeeper" daemon [_thread_blocked, id=12280, stack(0x000000741bd00000,0x000000741be00000)]
  0x00000185f8226900 JavaThread "File Watcher" daemon [_thread_blocked, id=2108, stack(0x000000741bf00000,0x000000741c000000)]
  0x00000185f8226e10 JavaThread "Live Reload Server" daemon [_thread_in_native, id=18784, stack(0x000000741c000000,0x000000741c100000)]
  0x00000185f8227830 JavaThread "http-nio-8080-exec-1" daemon [_thread_blocked, id=6600, stack(0x000000741c100000,0x000000741c200000)]
  0x00000185f8224590 JavaThread "http-nio-8080-exec-2" daemon [_thread_blocked, id=15056, stack(0x000000741c200000,0x000000741c300000)]
  0x00000185f8224aa0 JavaThread "http-nio-8080-exec-3" daemon [_thread_blocked, id=16896, stack(0x000000741c300000,0x000000741c400000)]
  0x00000185f8228c70 JavaThread "http-nio-8080-exec-4" daemon [_thread_blocked, id=8952, stack(0x000000741c400000,0x000000741c500000)]
  0x00000185f8228250 JavaThread "http-nio-8080-exec-5" daemon [_thread_blocked, id=13360, stack(0x000000741c500000,0x000000741c600000)]
  0x00000185f8228760 JavaThread "http-nio-8080-exec-6" daemon [_thread_blocked, id=5576, stack(0x000000741c600000,0x000000741c700000)]
  0x00000185f822aad0 JavaThread "http-nio-8080-exec-7" daemon [_thread_blocked, id=13512, stack(0x000000741c700000,0x000000741c800000)]
  0x00000185f822a0b0 JavaThread "http-nio-8080-exec-8" daemon [_thread_blocked, id=14284, stack(0x000000741c800000,0x000000741c900000)]
  0x00000185f8229180 JavaThread "http-nio-8080-exec-9" daemon [_thread_blocked, id=7516, stack(0x000000741c900000,0x000000741ca00000)]
  0x00000185f8229690 JavaThread "http-nio-8080-exec-10" daemon [_thread_blocked, id=3836, stack(0x000000741ca00000,0x000000741cb00000)]
  0x00000185f8229ba0 JavaThread "http-nio-8080-Poller" daemon [_thread_blocked, id=2200, stack(0x000000741cb00000,0x000000741cc00000)]
  0x00000185f8224080 JavaThread "http-nio-8080-Acceptor" daemon [_thread_in_native, id=14252, stack(0x000000741cc00000,0x000000741cd00000)]
  0x00000185f822a5c0 JavaThread "DestroyJavaVM" [_thread_blocked, id=18232, stack(0x0000007419200000,0x0000007419300000)]

Other Threads:
=>0x00000185b105d990 VMThread "VM Thread" [stack: 0x0000007419800000,0x0000007419900000] [id=18144]
  0x000001859eed6e60 WatcherThread [stack: 0x000000741a700000,0x000000741a800000] [id=9296]
  0x000001859ef2dc90 GCTaskThread "GC Thread#0" [stack: 0x0000007419300000,0x0000007419400000] [id=12148]
  0x00000185b1b35010 GCTaskThread "GC Thread#1" [stack: 0x000000741a800000,0x000000741a900000] [id=7728]
  0x00000185b1bf2c20 GCTaskThread "GC Thread#2" [stack: 0x000000741a900000,0x000000741aa00000] [id=10744]
  0x00000185b1bb6e50 GCTaskThread "GC Thread#3" [stack: 0x000000741aa00000,0x000000741ab00000] [id=10996]
  0x00000185b1bf2ee0 GCTaskThread "GC Thread#4" [stack: 0x000000741ab00000,0x000000741ac00000] [id=18588]
  0x00000185b1bf31a0 GCTaskThread "GC Thread#5" [stack: 0x000000741ac00000,0x000000741ad00000] [id=19156]
  0x00000185b1bf8280 GCTaskThread "GC Thread#6" [stack: 0x000000741ad00000,0x000000741ae00000] [id=18936]
  0x00000185b1bf7fc0 GCTaskThread "GC Thread#7" [stack: 0x000000741b200000,0x000000741b300000] [id=7796]
  0x00000185b1bf8540 GCTaskThread "GC Thread#8" [stack: 0x000000741b300000,0x000000741b400000] [id=15416]
  0x00000185f7978f50 GCTaskThread "GC Thread#9" [stack: 0x000000741b600000,0x000000741b700000] [id=19152]
  0x000001859ef3e360 ConcurrentGCThread "G1 Main Marker" [stack: 0x0000007419400000,0x0000007419500000] [id=17660]
  0x000001859ef3fd80 ConcurrentGCThread "G1 Conc#0" [stack: 0x0000007419500000,0x0000007419600000] [id=10072]
  0x00000185f79768d0 ConcurrentGCThread "G1 Conc#1" [stack: 0x000000741b700000,0x000000741b800000] [id=2440]
  0x00000185f7977110 ConcurrentGCThread "G1 Conc#2" [stack: 0x000000741b800000,0x000000741b900000] [id=18504]
  0x000001859ef8e950 ConcurrentGCThread "G1 Refine#0" [stack: 0x0000007419600000,0x0000007419700000] [id=10568]
  0x00000185b14bef00 ConcurrentGCThread "G1 Refine#1" [stack: 0x000000741ae00000,0x000000741af00000] [id=16520]
  0x00000185b0f054d0 ConcurrentGCThread "G1 Service" [stack: 0x0000007419700000,0x0000007419800000] [id=13296]

Threads with active compile tasks:

VM state: at safepoint (normal execution)

VM Mutex/Monitor currently owned by a thread:  ([mutex/lock_event])
[0x000001859eed0a10] Threads_lock - owner thread: 0x00000185b105d990
[0x000001859eed2240] Heap_lock - owner thread: 0x00000185f8229180

Heap address: 0x0000000084400000, size: 1980 MB, Compressed Oops mode: 32-bit

CDS archive(s) mapped at: [0x00000185b2000000-0x00000185b2bd0000-0x00000185b2bd0000), size 12386304, SharedBaseAddress: 0x00000185b2000000, ArchiveRelocationMode: 1.
Compressed class space mapped at: 0x00000185b3000000-0x00000185f3000000, reserved size: 1073741824
Narrow klass base: 0x00000185b2000000, Narrow klass shift: 0, Narrow klass range: 0x100000000

GC Precious Log:
 CPUs: 12 total, 12 available
 Memory: 7918M
 Large Page Support: Disabled
 NUMA Support: Disabled
 Compressed Oops: Enabled (32-bit)
 Heap Region Size: 1M
 Heap Min Capacity: 8M
 Heap Initial Capacity: 124M
 Heap Max Capacity: 1980M
 Pre-touch: Disabled
 Parallel Workers: 10
 Concurrent Workers: 3
 Concurrent Refinement Workers: 10
 Periodic GC: Disabled

Heap:
 garbage-first heap   total 156672K, used 46064K [0x0000000084400000, 0x0000000100000000)
  region size 1024K, 1 young (1024K), 1 survivors (1024K)
 Metaspace       used 79287K, committed 80000K, reserved 1179648K
  class space    used 11736K, committed 12032K, reserved 1048576K

Heap Regions: E=young(eden), S=young(survivor), O=old, HS=humongous(starts), HC=humongous(continues), CS=collection set, F=free, OA=open archive, CA=closed archive, TAMS=top-at-mark-start (previous, next)
|   0|0x0000000084400000, 0x0000000084500000, 0x0000000084500000|100%|HS|  |TAMS 0x0000000084500000, 0x0000000084400000| Complete 
|   1|0x0000000084500000, 0x0000000084600000, 0x0000000084600000|100%| O|  |TAMS 0x0000000084600000, 0x0000000084500000| Untracked 
|   2|0x0000000084600000, 0x0000000084700000, 0x0000000084700000|100%| O|  |TAMS 0x0000000084700000, 0x0000000084600000| Untracked 
|   3|0x0000000084700000, 0x0000000084800000, 0x0000000084800000|100%| O|  |TAMS 0x0000000084800000, 0x0000000084700000| Untracked 
|   4|0x0000000084800000, 0x0000000084900000, 0x0000000084900000|100%| O|  |TAMS 0x0000000084900000, 0x0000000084800000| Untracked 
|   5|0x0000000084900000, 0x0000000084a00000, 0x0000000084a00000|100%| O|  |TAMS 0x0000000084a00000, 0x0000000084900000| Untracked 
|   6|0x0000000084a00000, 0x0000000084b00000, 0x0000000084b00000|100%| O|  |TAMS 0x0000000084b00000, 0x0000000084a00000| Untracked 
|   7|0x0000000084b00000, 0x0000000084c00000, 0x0000000084c00000|100%| O|  |TAMS 0x0000000084c00000, 0x0000000084b00000| Untracked 
|   8|0x0000000084c00000, 0x0000000084d00000, 0x0000000084d00000|100%| O|  |TAMS 0x0000000084d00000, 0x0000000084c00000| Untracked 
|   9|0x0000000084d00000, 0x0000000084e00000, 0x0000000084e00000|100%| O|  |TAMS 0x0000000084e00000, 0x0000000084d00000| Untracked 
|  10|0x0000000084e00000, 0x0000000084f00000, 0x0000000084f00000|100%| O|  |TAMS 0x0000000084f00000, 0x0000000084e00000| Untracked 
|  11|0x0000000084f00000, 0x0000000085000000, 0x0000000085000000|100%| O|  |TAMS 0x0000000085000000, 0x0000000084f00000| Untracked 
|  12|0x0000000085000000, 0x0000000085100000, 0x0000000085100000|100%| O|  |TAMS 0x0000000085100000, 0x0000000085000000| Untracked 
|  13|0x0000000085100000, 0x0000000085200000, 0x0000000085200000|100%| O|  |TAMS 0x0000000085200000, 0x0000000085100000| Untracked 
|  14|0x0000000085200000, 0x0000000085294800, 0x0000000085300000| 58%| O|  |TAMS 0x0000000085294800, 0x0000000085200000| Untracked 
|  15|0x0000000085300000, 0x0000000085400000, 0x0000000085400000|100%| O|  |TAMS 0x0000000085400000, 0x0000000085300000| Untracked 
|  16|0x0000000085400000, 0x0000000085500000, 0x0000000085500000|100%| O|  |TAMS 0x0000000085500000, 0x0000000085400000| Untracked 
|  17|0x0000000085500000, 0x0000000085600000, 0x0000000085600000|100%| O|  |TAMS 0x0000000085600000, 0x0000000085500000| Untracked 
|  18|0x0000000085600000, 0x0000000085700000, 0x0000000085700000|100%| O|  |TAMS 0x0000000085700000, 0x0000000085600000| Untracked 
|  19|0x0000000085700000, 0x0000000085800000, 0x0000000085800000|100%| O|  |TAMS 0x0000000085800000, 0x0000000085700000| Untracked 
|  20|0x0000000085800000, 0x0000000085900000, 0x0000000085900000|100%| O|  |TAMS 0x0000000085900000, 0x0000000085800000| Untracked 
|  21|0x0000000085900000, 0x0000000085a00000, 0x0000000085a00000|100%| O|  |TAMS 0x0000000085a00000, 0x0000000085900000| Untracked 
|  22|0x0000000085a00000, 0x0000000085b00000, 0x0000000085b00000|100%| O|  |TAMS 0x0000000085b00000, 0x0000000085a00000| Untracked 
|  23|0x0000000085b00000, 0x0000000085c00000, 0x0000000085c00000|100%| O|  |TAMS 0x0000000085c00000, 0x0000000085b00000| Untracked 
|  24|0x0000000085c00000, 0x0000000085d00000, 0x0000000085d00000|100%| O|  |TAMS 0x0000000085d00000, 0x0000000085c00000| Untracked 
|  25|0x0000000085d00000, 0x0000000085e00000, 0x0000000085e00000|100%| O|  |TAMS 0x0000000085d00000, 0x0000000085d00000| Untracked 
|  26|0x0000000085e00000, 0x0000000085f00000, 0x0000000085f00000|100%| O|  |TAMS 0x0000000085e00000, 0x0000000085e00000| Untracked 
|  27|0x0000000085f00000, 0x0000000086000000, 0x0000000086000000|100%| O|  |TAMS 0x0000000085f00000, 0x0000000085f00000| Untracked 
|  28|0x0000000086000000, 0x0000000086100000, 0x0000000086100000|100%| O|  |TAMS 0x0000000086000000, 0x0000000086000000| Untracked 
|  29|0x0000000086100000, 0x0000000086200000, 0x0000000086200000|100%| O|  |TAMS 0x0000000086100000, 0x0000000086100000| Untracked 
|  30|0x0000000086200000, 0x0000000086300000, 0x0000000086300000|100%| O|  |TAMS 0x0000000086200000, 0x0000000086200000| Untracked 
|  31|0x0000000086300000, 0x0000000086400000, 0x0000000086400000|100%| O|  |TAMS 0x0000000086357600, 0x0000000086300000| Untracked 
|  32|0x0000000086400000, 0x0000000086500000, 0x0000000086500000|100%| O|  |TAMS 0x0000000086400000, 0x0000000086400000| Untracked 
|  33|0x0000000086500000, 0x0000000086600000, 0x0000000086600000|100%| O|  |TAMS 0x0000000086500000, 0x0000000086500000| Untracked 
|  34|0x0000000086600000, 0x0000000086700000, 0x0000000086700000|100%| O|  |TAMS 0x0000000086600000, 0x0000000086600000| Untracked 
|  35|0x0000000086700000, 0x0000000086800000, 0x0000000086800000|100%| O|  |TAMS 0x0000000086700000, 0x0000000086700000| Untracked 
|  36|0x0000000086800000, 0x0000000086900000, 0x0000000086900000|100%| O|  |TAMS 0x0000000086800000, 0x0000000086800000| Untracked 
|  37|0x0000000086900000, 0x0000000086a00000, 0x0000000086a00000|100%| O|  |TAMS 0x0000000086900000, 0x0000000086900000| Untracked 
|  38|0x0000000086a00000, 0x0000000086b00000, 0x0000000086b00000|100%| O|  |TAMS 0x0000000086a00000, 0x0000000086a00000| Untracked 
|  39|0x0000000086b00000, 0x0000000086c00000, 0x0000000086c00000|100%| O|  |TAMS 0x0000000086b00000, 0x0000000086b00000| Untracked 
|  40|0x0000000086c00000, 0x0000000086d00000, 0x0000000086d00000|100%| O|  |TAMS 0x0000000086c00000, 0x0000000086c00000| Untracked 
|  41|0x0000000086d00000, 0x0000000086e00000, 0x0000000086e00000|100%| O|  |TAMS 0x0000000086d00000, 0x0000000086d00000| Untracked 
|  42|0x0000000086e00000, 0x0000000086f00000, 0x0000000086f00000|100%| O|  |TAMS 0x0000000086e00000, 0x0000000086e00000| Untracked 
|  43|0x0000000086f00000, 0x0000000087000000, 0x0000000087000000|100%| O|  |TAMS 0x0000000086f00000, 0x0000000086f00000| Untracked 
|  44|0x0000000087000000, 0x0000000087100000, 0x0000000087100000|100%| O|  |TAMS 0x0000000087000000, 0x0000000087000000| Untracked 
|  45|0x0000000087100000, 0x0000000087139600, 0x0000000087200000| 22%| O|  |TAMS 0x0000000087100000, 0x0000000087100000| Untracked 
|  46|0x0000000087200000, 0x0000000087200000, 0x0000000087300000|  0%| F|  |TAMS 0x0000000087200000, 0x0000000087200000| Untracked 
|  47|0x0000000087300000, 0x0000000087300000, 0x0000000087400000|  0%| F|  |TAMS 0x0000000087300000, 0x0000000087300000| Untracked 
|  48|0x0000000087400000, 0x0000000087400000, 0x0000000087500000|  0%| F|  |TAMS 0x0000000087400000, 0x0000000087400000| Untracked 
|  49|0x0000000087500000, 0x0000000087500000, 0x0000000087600000|  0%| F|  |TAMS 0x0000000087500000, 0x0000000087500000| Untracked 
|  50|0x0000000087600000, 0x0000000087600000, 0x0000000087700000|  0%| F|  |TAMS 0x0000000087600000, 0x0000000087600000| Untracked 
|  51|0x0000000087700000, 0x0000000087700000, 0x0000000087800000|  0%| F|  |TAMS 0x0000000087700000, 0x0000000087700000| Untracked 
|  52|0x0000000087800000, 0x0000000087800000, 0x0000000087900000|  0%| F|  |TAMS 0x0000000087800000, 0x0000000087800000| Untracked 
|  53|0x0000000087900000, 0x0000000087900000, 0x0000000087a00000|  0%| F|  |TAMS 0x0000000087900000, 0x0000000087900000| Untracked 
|  54|0x0000000087a00000, 0x0000000087a00000, 0x0000000087b00000|  0%| F|  |TAMS 0x0000000087a00000, 0x0000000087a00000| Untracked 
|  55|0x0000000087b00000, 0x0000000087b00000, 0x0000000087c00000|  0%| F|  |TAMS 0x0000000087b00000, 0x0000000087b00000| Untracked 
|  56|0x0000000087c00000, 0x0000000087c00000, 0x0000000087d00000|  0%| F|  |TAMS 0x0000000087c00000, 0x0000000087c00000| Untracked 
|  57|0x0000000087d00000, 0x0000000087d00000, 0x0000000087e00000|  0%| F|  |TAMS 0x0000000087d00000, 0x0000000087d00000| Untracked 
|  58|0x0000000087e00000, 0x0000000087e00000, 0x0000000087f00000|  0%| F|  |TAMS 0x0000000087e00000, 0x0000000087e00000| Untracked 
|  59|0x0000000087f00000, 0x0000000087f00000, 0x0000000088000000|  0%| F|  |TAMS 0x0000000087f00000, 0x0000000087f00000| Untracked 
|  60|0x0000000088000000, 0x0000000088000000, 0x0000000088100000|  0%| F|  |TAMS 0x0000000088000000, 0x0000000088000000| Untracked 
|  61|0x0000000088100000, 0x0000000088100000, 0x0000000088200000|  0%| F|  |TAMS 0x0000000088100000, 0x0000000088100000| Untracked 
|  62|0x0000000088200000, 0x000000008822e380, 0x0000000088300000| 18%| S|CS|TAMS 0x0000000088200000, 0x0000000088200000| Complete 
|  63|0x0000000088300000, 0x0000000088300000, 0x0000000088400000|  0%| F|  |TAMS 0x0000000088300000, 0x0000000088300000| Untracked 
|  64|0x0000000088400000, 0x0000000088400000, 0x0000000088500000|  0%| F|  |TAMS 0x0000000088400000, 0x0000000088400000| Untracked 
|  65|0x0000000088500000, 0x0000000088500000, 0x0000000088600000|  0%| F|  |TAMS 0x0000000088500000, 0x0000000088500000| Untracked 
|  66|0x0000000088600000, 0x0000000088600000, 0x0000000088700000|  0%| F|  |TAMS 0x0000000088600000, 0x0000000088600000| Untracked 
|  67|0x0000000088700000, 0x0000000088700000, 0x0000000088800000|  0%| F|  |TAMS 0x0000000088700000, 0x0000000088700000| Untracked 
|  68|0x0000000088800000, 0x0000000088800000, 0x0000000088900000|  0%| F|  |TAMS 0x0000000088800000, 0x0000000088800000| Untracked 
|  69|0x0000000088900000, 0x0000000088900000, 0x0000000088a00000|  0%| F|  |TAMS 0x0000000088900000, 0x0000000088900000| Untracked 
|  70|0x0000000088a00000, 0x0000000088a00000, 0x0000000088b00000|  0%| F|  |TAMS 0x0000000088a00000, 0x0000000088a00000| Untracked 
|  71|0x0000000088b00000, 0x0000000088b00000, 0x0000000088c00000|  0%| F|  |TAMS 0x0000000088b00000, 0x0000000088b00000| Untracked 
|  72|0x0000000088c00000, 0x0000000088c00000, 0x0000000088d00000|  0%| F|  |TAMS 0x0000000088c00000, 0x0000000088c00000| Untracked 
|  73|0x0000000088d00000, 0x0000000088d00000, 0x0000000088e00000|  0%| F|  |TAMS 0x0000000088d00000, 0x0000000088d00000| Untracked 
|  74|0x0000000088e00000, 0x0000000088e00000, 0x0000000088f00000|  0%| F|  |TAMS 0x0000000088e00000, 0x0000000088e00000| Untracked 
|  75|0x0000000088f00000, 0x0000000088f00000, 0x0000000089000000|  0%| F|  |TAMS 0x0000000088f00000, 0x0000000088f00000| Untracked 
|  76|0x0000000089000000, 0x0000000089000000, 0x0000000089100000|  0%| F|  |TAMS 0x0000000089000000, 0x0000000089000000| Untracked 
|  77|0x0000000089100000, 0x0000000089100000, 0x0000000089200000|  0%| F|  |TAMS 0x0000000089100000, 0x0000000089100000| Untracked 
|  78|0x0000000089200000, 0x0000000089200000, 0x0000000089300000|  0%| F|  |TAMS 0x0000000089200000, 0x0000000089200000| Untracked 
|  79|0x0000000089300000, 0x0000000089300000, 0x0000000089400000|  0%| F|  |TAMS 0x0000000089300000, 0x0000000089300000| Untracked 
|  80|0x0000000089400000, 0x0000000089400000, 0x0000000089500000|  0%| F|  |TAMS 0x0000000089400000, 0x0000000089400000| Untracked 
|  81|0x0000000089500000, 0x0000000089500000, 0x0000000089600000|  0%| F|  |TAMS 0x0000000089500000, 0x0000000089500000| Untracked 
|  82|0x0000000089600000, 0x0000000089600000, 0x0000000089700000|  0%| F|  |TAMS 0x0000000089600000, 0x0000000089600000| Untracked 
|  83|0x0000000089700000, 0x0000000089700000, 0x0000000089800000|  0%| F|  |TAMS 0x0000000089700000, 0x0000000089700000| Untracked 
|  84|0x0000000089800000, 0x0000000089800000, 0x0000000089900000|  0%| F|  |TAMS 0x0000000089800000, 0x0000000089800000| Untracked 
|  85|0x0000000089900000, 0x0000000089900000, 0x0000000089a00000|  0%| F|  |TAMS 0x0000000089900000, 0x0000000089900000| Untracked 
|  86|0x0000000089a00000, 0x0000000089a00000, 0x0000000089b00000|  0%| F|  |TAMS 0x0000000089a00000, 0x0000000089a00000| Untracked 
|  87|0x0000000089b00000, 0x0000000089b00000, 0x0000000089c00000|  0%| F|  |TAMS 0x0000000089b00000, 0x0000000089b00000| Untracked 
|  88|0x0000000089c00000, 0x0000000089c00000, 0x0000000089d00000|  0%| F|  |TAMS 0x0000000089c00000, 0x0000000089c00000| Untracked 
|  89|0x0000000089d00000, 0x0000000089d00000, 0x0000000089e00000|  0%| F|  |TAMS 0x0000000089d00000, 0x0000000089d00000| Untracked 
|  90|0x0000000089e00000, 0x0000000089e00000, 0x0000000089f00000|  0%| F|  |TAMS 0x0000000089e00000, 0x0000000089e00000| Untracked 
|  91|0x0000000089f00000, 0x0000000089f00000, 0x000000008a000000|  0%| F|  |TAMS 0x0000000089f00000, 0x0000000089f00000| Untracked 
|  92|0x000000008a000000, 0x000000008a000000, 0x000000008a100000|  0%| F|  |TAMS 0x000000008a000000, 0x000000008a000000| Untracked 
|  93|0x000000008a100000, 0x000000008a100000, 0x000000008a200000|  0%| F|  |TAMS 0x000000008a100000, 0x000000008a100000| Untracked 
|  94|0x000000008a200000, 0x000000008a200000, 0x000000008a300000|  0%| F|  |TAMS 0x000000008a200000, 0x000000008a200000| Untracked 
|  95|0x000000008a300000, 0x000000008a300000, 0x000000008a400000|  0%| F|  |TAMS 0x000000008a300000, 0x000000008a300000| Untracked 
|  96|0x000000008a400000, 0x000000008a400000, 0x000000008a500000|  0%| F|  |TAMS 0x000000008a400000, 0x000000008a400000| Untracked 
|  97|0x000000008a500000, 0x000000008a500000, 0x000000008a600000|  0%| F|  |TAMS 0x000000008a500000, 0x000000008a500000| Untracked 
|  98|0x000000008a600000, 0x000000008a600000, 0x000000008a700000|  0%| F|  |TAMS 0x000000008a600000, 0x000000008a600000| Untracked 
|  99|0x000000008a700000, 0x000000008a700000, 0x000000008a800000|  0%| F|  |TAMS 0x000000008a700000, 0x000000008a700000| Untracked 
| 100|0x000000008a800000, 0x000000008a800000, 0x000000008a900000|  0%| F|  |TAMS 0x000000008a800000, 0x000000008a800000| Untracked 
| 101|0x000000008a900000, 0x000000008a900000, 0x000000008aa00000|  0%| F|  |TAMS 0x000000008a900000, 0x000000008a900000| Untracked 
| 102|0x000000008aa00000, 0x000000008aa00000, 0x000000008ab00000|  0%| F|  |TAMS 0x000000008aa00000, 0x000000008aa00000| Untracked 
| 103|0x000000008ab00000, 0x000000008ab00000, 0x000000008ac00000|  0%| F|  |TAMS 0x000000008ab00000, 0x000000008ab00000| Untracked 
| 104|0x000000008ac00000, 0x000000008ac00000, 0x000000008ad00000|  0%| F|  |TAMS 0x000000008ac00000, 0x000000008ac00000| Untracked 
| 105|0x000000008ad00000, 0x000000008ad00000, 0x000000008ae00000|  0%| F|  |TAMS 0x000000008ad00000, 0x000000008ad00000| Untracked 
| 106|0x000000008ae00000, 0x000000008ae00000, 0x000000008af00000|  0%| F|  |TAMS 0x000000008ae00000, 0x000000008ae00000| Untracked 
| 107|0x000000008af00000, 0x000000008af00000, 0x000000008b000000|  0%| F|  |TAMS 0x000000008af00000, 0x000000008af00000| Untracked 
| 108|0x000000008b000000, 0x000000008b000000, 0x000000008b100000|  0%| F|  |TAMS 0x000000008b000000, 0x000000008b000000| Untracked 
| 109|0x000000008b100000, 0x000000008b100000, 0x000000008b200000|  0%| F|  |TAMS 0x000000008b100000, 0x000000008b100000| Untracked 
| 110|0x000000008b200000, 0x000000008b200000, 0x000000008b300000|  0%| F|  |TAMS 0x000000008b200000, 0x000000008b200000| Untracked 
| 111|0x000000008b300000, 0x000000008b300000, 0x000000008b400000|  0%| F|  |TAMS 0x000000008b300000, 0x000000008b300000| Untracked 
| 112|0x000000008b400000, 0x000000008b400000, 0x000000008b500000|  0%| F|  |TAMS 0x000000008b400000, 0x000000008b400000| Untracked 
| 113|0x000000008b500000, 0x000000008b500000, 0x000000008b600000|  0%| F|  |TAMS 0x000000008b500000, 0x000000008b500000| Untracked 
| 114|0x000000008b600000, 0x000000008b600000, 0x000000008b700000|  0%| F|  |TAMS 0x000000008b600000, 0x000000008b600000| Untracked 
| 115|0x000000008b700000, 0x000000008b700000, 0x000000008b800000|  0%| F|  |TAMS 0x000000008b700000, 0x000000008b700000| Untracked 
| 116|0x000000008b800000, 0x000000008b800000, 0x000000008b900000|  0%| F|  |TAMS 0x000000008b800000, 0x000000008b800000| Untracked 
| 117|0x000000008b900000, 0x000000008b900000, 0x000000008ba00000|  0%| F|  |TAMS 0x000000008b900000, 0x000000008b900000| Untracked 
| 118|0x000000008ba00000, 0x000000008ba00000, 0x000000008bb00000|  0%| F|  |TAMS 0x000000008ba00000, 0x000000008ba00000| Untracked 
| 119|0x000000008bb00000, 0x000000008bb00000, 0x000000008bc00000|  0%| F|  |TAMS 0x000000008bb00000, 0x000000008bb00000| Untracked 
| 120|0x000000008bc00000, 0x000000008bc00000, 0x000000008bd00000|  0%| F|  |TAMS 0x000000008bc00000, 0x000000008bc00000| Untracked 
| 121|0x000000008bd00000, 0x000000008bd00000, 0x000000008be00000|  0%| F|  |TAMS 0x000000008bd00000, 0x000000008bd00000| Untracked 
| 122|0x000000008be00000, 0x000000008be00000, 0x000000008bf00000|  0%| F|  |TAMS 0x000000008be00000, 0x000000008be00000| Untracked 
| 123|0x000000008bf00000, 0x000000008bf00000, 0x000000008c000000|  0%| F|  |TAMS 0x000000008bf00000, 0x000000008bf00000| Untracked 
| 124|0x000000008c000000, 0x000000008c000000, 0x000000008c100000|  0%| F|  |TAMS 0x000000008c000000, 0x000000008c000000| Untracked 
| 125|0x000000008c100000, 0x000000008c100000, 0x000000008c200000|  0%| F|  |TAMS 0x000000008c100000, 0x000000008c100000| Untracked 
| 126|0x000000008c200000, 0x000000008c200000, 0x000000008c300000|  0%| F|  |TAMS 0x000000008c200000, 0x000000008c200000| Untracked 
| 127|0x000000008c300000, 0x000000008c300000, 0x000000008c400000|  0%| F|  |TAMS 0x000000008c300000, 0x000000008c300000| Untracked 
| 128|0x000000008c400000, 0x000000008c400000, 0x000000008c500000|  0%| F|  |TAMS 0x000000008c400000, 0x000000008c400000| Untracked 
| 129|0x000000008c500000, 0x000000008c500000, 0x000000008c600000|  0%| F|  |TAMS 0x000000008c500000, 0x000000008c500000| Untracked 
| 130|0x000000008c600000, 0x000000008c600000, 0x000000008c700000|  0%| F|  |TAMS 0x000000008c600000, 0x000000008c600000| Untracked 
| 131|0x000000008c700000, 0x000000008c700000, 0x000000008c800000|  0%| F|  |TAMS 0x000000008c700000, 0x000000008c700000| Untracked 
| 132|0x000000008c800000, 0x000000008c800000, 0x000000008c900000|  0%| F|  |TAMS 0x000000008c800000, 0x000000008c800000| Untracked 
| 133|0x000000008c900000, 0x000000008c900000, 0x000000008ca00000|  0%| F|  |TAMS 0x000000008c900000, 0x000000008c900000| Untracked 
| 134|0x000000008ca00000, 0x000000008ca00000, 0x000000008cb00000|  0%| F|  |TAMS 0x000000008ca00000, 0x000000008ca00000| Untracked 
| 135|0x000000008cb00000, 0x000000008cb00000, 0x000000008cc00000|  0%| F|  |TAMS 0x000000008cb00000, 0x000000008cb00000| Untracked 
| 136|0x000000008cc00000, 0x000000008cc00000, 0x000000008cd00000|  0%| F|  |TAMS 0x000000008cc00000, 0x000000008cc00000| Untracked 
| 137|0x000000008cd00000, 0x000000008cd00000, 0x000000008ce00000|  0%| F|  |TAMS 0x000000008cd00000, 0x000000008cd00000| Untracked 
| 138|0x000000008ce00000, 0x000000008ce00000, 0x000000008cf00000|  0%| F|  |TAMS 0x000000008ce00000, 0x000000008ce00000| Untracked 
| 139|0x000000008cf00000, 0x000000008cf00000, 0x000000008d000000|  0%| F|  |TAMS 0x000000008cf00000, 0x000000008cf00000| Untracked 
| 140|0x000000008d000000, 0x000000008d000000, 0x000000008d100000|  0%| F|  |TAMS 0x000000008d000000, 0x000000008d000000| Untracked 
| 141|0x000000008d100000, 0x000000008d100000, 0x000000008d200000|  0%| F|  |TAMS 0x000000008d100000, 0x000000008d100000| Untracked 
| 142|0x000000008d200000, 0x000000008d200000, 0x000000008d300000|  0%| F|  |TAMS 0x000000008d200000, 0x000000008d200000| Untracked 
| 143|0x000000008d300000, 0x000000008d300000, 0x000000008d400000|  0%| F|  |TAMS 0x000000008d300000, 0x000000008d300000| Untracked 
| 144|0x000000008d400000, 0x000000008d400000, 0x000000008d500000|  0%| F|  |TAMS 0x000000008d400000, 0x000000008d400000| Untracked 
| 145|0x000000008d500000, 0x000000008d500000, 0x000000008d600000|  0%| F|  |TAMS 0x000000008d500000, 0x000000008d500000| Untracked 
| 146|0x000000008d600000, 0x000000008d600000, 0x000000008d700000|  0%| F|  |TAMS 0x000000008d600000, 0x000000008d600000| Untracked 
| 147|0x000000008d700000, 0x000000008d700000, 0x000000008d800000|  0%| F|  |TAMS 0x000000008d700000, 0x000000008d700000| Untracked 
| 148|0x000000008d800000, 0x000000008d800000, 0x000000008d900000|  0%| F|  |TAMS 0x000000008d800000, 0x000000008d800000| Untracked 
| 149|0x000000008d900000, 0x000000008d900000, 0x000000008da00000|  0%| F|  |TAMS 0x000000008d900000, 0x000000008d900000| Untracked 
| 150|0x000000008da00000, 0x000000008da00000, 0x000000008db00000|  0%| F|  |TAMS 0x000000008da00000, 0x000000008da00000| Untracked 
| 151|0x000000008db00000, 0x000000008db00000, 0x000000008dc00000|  0%| F|  |TAMS 0x000000008db00000, 0x000000008db00000| Untracked 
| 152|0x000000008dc00000, 0x000000008dc00000, 0x000000008dd00000|  0%| F|  |TAMS 0x000000008dc00000, 0x000000008dc00000| Untracked 

Card table byte_map: [0x00000185a9e90000,0x00000185aa270000] _byte_map_base: 0x00000185a9a6e000

Marking Bits (Prev, Next): (CMBitMap*) 0x000001859ef2e2f0, (CMBitMap*) 0x000001859ef2e2b0
 Prev Bits: [0x00000185ac540000, 0x00000185ae430000)
 Next Bits: [0x00000185aa650000, 0x00000185ac540000)

Polling page: 0x000001859ccc0000

Metaspace:

Usage:
  Non-class:     65.97 MB used.
      Class:     11.46 MB used.
       Both:     77.43 MB used.

Virtual space:
  Non-class space:      128.00 MB reserved,      66.38 MB ( 52%) committed,  2 nodes.
      Class space:        1.00 GB reserved,      11.75 MB (  1%) committed,  1 nodes.
             Both:        1.12 GB reserved,      78.12 MB (  7%) committed. 

Chunk freelists:
   Non-Class:  13.37 MB
       Class:  4.19 MB
        Both:  17.56 MB

MaxMetaspaceSize: unlimited
CompressedClassSpaceSize: 1.00 GB
Initial GC threshold: 21.00 MB
Current GC threshold: 98.69 MB
CDS: on
MetaspaceReclaimPolicy: balanced
 - commit_granule_bytes: 65536.
 - commit_granule_words: 8192.
 - virtual_space_node_default_size: 8388608.
 - enlarge_chunks_in_place: 1.
 - new_chunks_are_fully_committed: 0.
 - uncommit_free_chunks: 1.
 - use_allocation_guard: 0.
 - handle_deallocations: 1.


Internal statistics:

num_allocs_failed_limit: 9.
num_arena_births: 1124.
num_arena_deaths: 0.
num_vsnodes_births: 3.
num_vsnodes_deaths: 0.
num_space_committed: 1250.
num_space_uncommitted: 0.
num_chunks_returned_to_freelist: 9.
num_chunks_taken_from_freelist: 4126.
num_chunk_merges: 9.
num_chunk_splits: 2942.
num_chunks_enlarged: 2238.
num_inconsistent_stats: 0.

CodeCache: size=49152Kb used=22168Kb max_used=23689Kb free=26983Kb
 bounds [0x00000185a6770000, 0x00000185a7f90000, 0x00000185a9770000]
 total_blobs=13751 nmethods=13043 adapters=634
 compilation: enabled
              stopped_count=0, restarted_count=0
 full_count=0

Compilation events (20 events):
Event: 11485.392 Thread 0x00000185b107bff0 nmethod 13274 0x00000185a7c6f090 code [0x00000185a7c6f240, 0x00000185a7c6f368]
Event: 11485.393 Thread 0x00000185b107bff0 13277       1       java.time.LocalDateTime::isSupported (52 bytes)
Event: 11485.398 Thread 0x00000185b107bff0 nmethod 13277 0x00000185a7c6eb90 code [0x00000185a7c6ed40, 0x00000185a7c6ef88]
Event: 11485.398 Thread 0x00000185b107bff0 13278       1       java.time.temporal.ChronoField::isDateBased (32 bytes)
Event: 11485.398 Thread 0x00000185b107bff0 nmethod 13278 0x00000185a7c6e890 code [0x00000185a7c6ea20, 0x00000185a7c6eb18]
Event: 11485.399 Thread 0x00000185b107bff0 13272   !   1       org.springframework.aop.interceptor.ExposeInvocationInterceptor::invoke (45 bytes)
Event: 11485.405 Thread 0x00000185b19ff080 nmethod 13276 0x00000185a7c6e290 code [0x00000185a7c6e460, 0x00000185a7c6e748]
Event: 11485.405 Thread 0x00000185b19ff080 13279       1       org.hibernate.engine.jdbc.mutation.spi.Binding::getValueDescriptor (5 bytes)
Event: 11485.409 Thread 0x00000185b19ff080 nmethod 13279 0x00000185a7c6df90 code [0x00000185a7c6e120, 0x00000185a7c6e1f8]
Event: 11485.420 Thread 0x00000185b107bff0 nmethod 13272 0x00000185a7c6d310 code [0x00000185a7c6d540, 0x00000185a7c6db58]
Event: 11485.473 Thread 0x00000185b19ff080 13281       1       org.springframework.transaction.interceptor.TransactionAspectSupport$TransactionInfo::restoreThreadLocalStatus (11 bytes)
Event: 11485.473 Thread 0x00000185b107bff0 13280       1       org.springframework.data.repository.core.support.RepositoryInvocationMulticaster$NoOpRepositoryInvocationMulticaster::notifyListeners (1 bytes)
Event: 11485.475 Thread 0x00000185b107bff0 nmethod 13280 0x00000185a7c6d010 code [0x00000185a7c6d1a0, 0x00000185a7c6d258]
Event: 11485.475 Thread 0x00000185b107bff0 13282       1       org.hibernate.persister.entity.EntityPersister::getValues (8 bytes)
Event: 11485.482 Thread 0x00000185b107bff0 nmethod 13282 0x00000185a7c6cc90 code [0x00000185a7c6ce20, 0x00000185a7c6cf48]
Event: 11485.483 Thread 0x00000185b107bff0 13283       1       org.hibernate.resource.jdbc.internal.LogicalConnectionManagedImpl::afterTransaction (30 bytes)
Event: 11485.487 Thread 0x00000185b19ff080 nmethod 13281 0x00000185a7c6c710 code [0x00000185a7c6c8c0, 0x00000185a7c6caf8]
Event: 11485.523 Thread 0x00000185b107bff0 nmethod 13283 0x00000185a7c6c190 code [0x00000185a7c6c360, 0x00000185a7c6c598]
Event: 11485.829 Thread 0x00000185b107bff0 13284       1       com.mysql.cj.protocol.ExportControlled::isSSLEstablished (18 bytes)
Event: 11485.834 Thread 0x00000185b107bff0 nmethod 13284 0x00000185a7c6be10 code [0x00000185a7c6bfa0, 0x00000185a7c6c0a8]

GC Heap History (20 events):
Event: 11488.671 GC heap after
{Heap after GC invocations=385 (full 0):
 garbage-first heap   total 156672K, used 46018K [0x0000000084400000, 0x0000000100000000)
  region size 1024K, 1 young (1024K), 1 survivors (1024K)
 Metaspace       used 79287K, committed 80000K, reserved 1179648K
  class space    used 11736K, committed 12032K, reserved 1048576K
}
Event: 11489.148 GC heap before
{Heap before GC invocations=385 (full 0):
 garbage-first heap   total 156672K, used 137154K [0x0000000084400000, 0x0000000100000000)
  region size 1024K, 91 young (93184K), 1 survivors (1024K)
 Metaspace       used 79287K, committed 80000K, reserved 1179648K
  class space    used 11736K, committed 12032K, reserved 1048576K
}
Event: 11489.193 GC heap after
{Heap after GC invocations=386 (full 0):
 garbage-first heap   total 156672K, used 46157K [0x0000000084400000, 0x0000000100000000)
  region size 1024K, 1 young (1024K), 1 survivors (1024K)
 Metaspace       used 79287K, committed 80000K, reserved 1179648K
  class space    used 11736K, committed 12032K, reserved 1048576K
}
Event: 11489.663 GC heap before
{Heap before GC invocations=386 (full 0):
 garbage-first heap   total 156672K, used 138317K [0x0000000084400000, 0x0000000100000000)
  region size 1024K, 91 young (93184K), 1 survivors (1024K)
 Metaspace       used 79287K, committed 80000K, reserved 1179648K
  class space    used 11736K, committed 12032K, reserved 1048576K
}
Event: 11489.667 GC heap after
{Heap after GC invocations=387 (full 0):
 garbage-first heap   total 156672K, used 46130K [0x0000000084400000, 0x0000000100000000)
  region size 1024K, 1 young (1024K), 1 survivors (1024K)
 Metaspace       used 79287K, committed 80000K, reserved 1179648K
  class space    used 11736K, committed 12032K, reserved 1048576K
}
Event: 11490.176 GC heap before
{Heap before GC invocations=387 (full 0):
 garbage-first heap   total 156672K, used 138290K [0x0000000084400000, 0x0000000100000000)
  region size 1024K, 91 young (93184K), 1 survivors (1024K)
 Metaspace       used 79287K, committed 80000K, reserved 1179648K
  class space    used 11736K, committed 12032K, reserved 1048576K
}
Event: 11490.178 GC heap after
{Heap after GC invocations=388 (full 0):
 garbage-first heap   total 156672K, used 46102K [0x0000000084400000, 0x0000000100000000)
  region size 1024K, 1 young (1024K), 1 survivors (1024K)
 Metaspace       used 79287K, committed 80000K, reserved 1179648K
  class space    used 11736K, committed 12032K, reserved 1048576K
}
Event: 11490.884 GC heap before
{Heap before GC invocations=388 (full 0):
 garbage-first heap   total 156672K, used 137238K [0x0000000084400000, 0x0000000100000000)
  region size 1024K, 91 young (93184K), 1 survivors (1024K)
 Metaspace       used 79287K, committed 80000K, reserved 1179648K
  class space    used 11736K, committed 12032K, reserved 1048576K
}
Event: 11490.886 GC heap after
{Heap after GC invocations=389 (full 0):
 garbage-first heap   total 156672K, used 46122K [0x0000000084400000, 0x0000000100000000)
  region size 1024K, 1 young (1024K), 1 survivors (1024K)
 Metaspace       used 79287K, committed 80000K, reserved 1179648K
  class space    used 11736K, committed 12032K, reserved 1048576K
}
Event: 11491.393 GC heap before
{Heap before GC invocations=389 (full 0):
 garbage-first heap   total 156672K, used 137258K [0x0000000084400000, 0x0000000100000000)
  region size 1024K, 91 young (93184K), 1 survivors (1024K)
 Metaspace       used 79287K, committed 80000K, reserved 1179648K
  class space    used 11736K, committed 12032K, reserved 1048576K
}
Event: 11491.396 GC heap after
{Heap after GC invocations=390 (full 0):
 garbage-first heap   total 156672K, used 46012K [0x0000000084400000, 0x0000000100000000)
  region size 1024K, 1 young (1024K), 1 survivors (1024K)
 Metaspace       used 79287K, committed 80000K, reserved 1179648K
  class space    used 11736K, committed 12032K, reserved 1048576K
}
Event: 11491.799 GC heap before
{Heap before GC invocations=390 (full 0):
 garbage-first heap   total 156672K, used 138172K [0x0000000084400000, 0x0000000100000000)
  region size 1024K, 91 young (93184K), 1 survivors (1024K)
 Metaspace       used 79287K, committed 80000K, reserved 1179648K
  class space    used 11736K, committed 12032K, reserved 1048576K
}
Event: 11491.801 GC heap after
{Heap after GC invocations=391 (full 0):
 garbage-first heap   total 156672K, used 46064K [0x0000000084400000, 0x0000000100000000)
  region size 1024K, 1 young (1024K), 1 survivors (1024K)
 Metaspace       used 79287K, committed 80000K, reserved 1179648K
  class space    used 11736K, committed 12032K, reserved 1048576K
}
Event: 11492.279 GC heap before
{Heap before GC invocations=391 (full 0):
 garbage-first heap   total 156672K, used 138224K [0x0000000084400000, 0x0000000100000000)
  region size 1024K, 91 young (93184K), 1 survivors (1024K)
 Metaspace       used 79287K, committed 80000K, reserved 1179648K
  class space    used 11736K, committed 12032K, reserved 1048576K
}
Event: 11492.281 GC heap after
{Heap after GC invocations=392 (full 0):
 garbage-first heap   total 156672K, used 45981K [0x0000000084400000, 0x0000000100000000)
  region size 1024K, 1 young (1024K), 1 survivors (1024K)
 Metaspace       used 79287K, committed 80000K, reserved 1179648K
  class space    used 11736K, committed 12032K, reserved 1048576K
}
Event: 11492.745 GC heap before
{Heap before GC invocations=392 (full 0):
 garbage-first heap   total 156672K, used 138141K [0x0000000084400000, 0x0000000100000000)
  region size 1024K, 91 young (93184K), 1 survivors (1024K)
 Metaspace       used 79287K, committed 80000K, reserved 1179648K
  class space    used 11736K, committed 12032K, reserved 1048576K
}
Event: 11492.749 GC heap after
{Heap after GC invocations=393 (full 0):
 garbage-first heap   total 156672K, used 46077K [0x0000000084400000, 0x0000000100000000)
  region size 1024K, 1 young (1024K), 1 survivors (1024K)
 Metaspace       used 79287K, committed 80000K, reserved 1179648K
  class space    used 11736K, committed 12032K, reserved 1048576K
}
Event: 11493.303 GC heap before
{Heap before GC invocations=393 (full 0):
 garbage-first heap   total 156672K, used 138237K [0x0000000084400000, 0x0000000100000000)
  region size 1024K, 91 young (93184K), 1 survivors (1024K)
 Metaspace       used 79287K, committed 80000K, reserved 1179648K
  class space    used 11736K, committed 12032K, reserved 1048576K
}
Event: 11493.310 GC heap after
{Heap after GC invocations=394 (full 0):
 garbage-first heap   total 156672K, used 46067K [0x0000000084400000, 0x0000000100000000)
  region size 1024K, 1 young (1024K), 1 survivors (1024K)
 Metaspace       used 79287K, committed 80000K, reserved 1179648K
  class space    used 11736K, committed 12032K, reserved 1048576K
}
Event: 11493.888 GC heap before
{Heap before GC invocations=394 (full 0):
 garbage-first heap   total 156672K, used 138227K [0x0000000084400000, 0x0000000100000000)
  region size 1024K, 91 young (93184K), 1 survivors (1024K)
 Metaspace       used 79287K, committed 80000K, reserved 1179648K
  class space    used 11736K, committed 12032K, reserved 1048576K
}

Deoptimization events (14 events):
Event: 3.135 Thread 0x00000185b12870a0 DEOPT PACKING pc=0x00000185a6c91401 sp=0x000000741b0fdc10
Event: 3.135 Thread 0x00000185b12870a0 DEOPT UNPACKING pc=0x00000185a67c66e3 sp=0x000000741b0fd0a0 mode 3
Event: 3.135 Thread 0x00000185b1286170 DEOPT PACKING pc=0x00000185a6c38417 sp=0x000000741b1feeb0
Event: 3.135 Thread 0x00000185b1286170 DEOPT UNPACKING pc=0x00000185a67c66e3 sp=0x000000741b1fe308 mode 3
Event: 4.490 Thread 0x00000185b12870a0 DEOPT PACKING pc=0x00000185a7142a74 sp=0x000000741b0fbc60
Event: 4.490 Thread 0x00000185b12870a0 DEOPT UNPACKING pc=0x00000185a67c66e3 sp=0x000000741b0fb0e8 mode 0
Event: 5.219 Thread 0x00000185b12870a0 DEOPT PACKING pc=0x00000185a6ca6fa4 sp=0x000000741b0fb920
Event: 5.219 Thread 0x00000185b12870a0 DEOPT UNPACKING pc=0x00000185a67c66e3 sp=0x000000741b0fae78 mode 0
Event: 5.613 Thread 0x00000185b12870a0 DEOPT PACKING pc=0x00000185a6d061a2 sp=0x000000741b0fbc40
Event: 5.613 Thread 0x00000185b12870a0 DEOPT UNPACKING pc=0x00000185a67c66e3 sp=0x000000741b0fb148 mode 3
Event: 130.341 Thread 0x00000185f8229690 DEOPT PACKING pc=0x00000185a696c94c sp=0x000000741cafa570
Event: 130.341 Thread 0x00000185f8229690 DEOPT UNPACKING pc=0x00000185a67c66e3 sp=0x000000741caf9a30 mode 0
Event: 623.731 Thread 0x00000185b1284d30 DEOPT PACKING pc=0x00000185a69ee7cc sp=0x000000741a4ff3d0
Event: 623.731 Thread 0x00000185b1284d30 DEOPT UNPACKING pc=0x00000185a67c66e3 sp=0x000000741a4fe930 mode 1

Classes unloaded (0 events):
No events

Classes redefined (0 events):
No events

Internal exceptions (20 events):
Event: 11485.365 Thread 0x00000185f822a0b0 Exception <a 'java/io/IOException'{0x000000008896e8b8}> (0x000000008896e8b8) 
thrown [s\open\src\hotspot\share\prims\jni.cpp, line 516]
Event: 11485.365 Thread 0x00000185f822a0b0 Exception <a 'java/io/IOException'{0x000000008896f968}> (0x000000008896f968) 
thrown [s\open\src\hotspot\share\prims\jni.cpp, line 516]
Event: 11485.373 Thread 0x00000185f822a0b0 Exception <a 'java/io/IOException'{0x00000000889a12f0}> (0x00000000889a12f0) 
thrown [s\open\src\hotspot\share\prims\jni.cpp, line 516]
Event: 11485.373 Thread 0x00000185f822a0b0 Exception <a 'java/io/IOException'{0x00000000889a23a0}> (0x00000000889a23a0) 
thrown [s\open\src\hotspot\share\prims\jni.cpp, line 516]
Event: 11485.377 Thread 0x00000185f822a0b0 Exception <a 'java/io/IOException'{0x00000000889a7508}> (0x00000000889a7508) 
thrown [s\open\src\hotspot\share\prims\jni.cpp, line 516]
Event: 11485.377 Thread 0x00000185f822a0b0 Exception <a 'java/io/IOException'{0x00000000889a85b8}> (0x00000000889a85b8) 
thrown [s\open\src\hotspot\share\prims\jni.cpp, line 516]
Event: 11485.381 Thread 0x00000185f822a0b0 Exception <a 'java/io/IOException'{0x00000000889b7668}> (0x00000000889b7668) 
thrown [s\open\src\hotspot\share\prims\jni.cpp, line 516]
Event: 11485.384 Thread 0x00000185f822a0b0 Exception <a 'java/io/IOException'{0x00000000889b8718}> (0x00000000889b8718) 
thrown [s\open\src\hotspot\share\prims\jni.cpp, line 516]
Event: 11485.388 Thread 0x00000185f822a0b0 Exception <a 'java/io/IOException'{0x00000000889bcb88}> (0x00000000889bcb88) 
thrown [s\open\src\hotspot\share\prims\jni.cpp, line 516]
Event: 11485.389 Thread 0x00000185f822a0b0 Exception <a 'java/io/IOException'{0x00000000889bdc38}> (0x00000000889bdc38) 
thrown [s\open\src\hotspot\share\prims\jni.cpp, line 516]
Event: 11485.391 Thread 0x00000185f822a0b0 Exception <a 'java/io/IOException'{0x00000000889c2dc0}> (0x00000000889c2dc0) 
thrown [s\open\src\hotspot\share\prims\jni.cpp, line 516]
Event: 11485.391 Thread 0x00000185f822a0b0 Exception <a 'java/io/IOException'{0x00000000889c3e70}> (0x00000000889c3e70) 
thrown [s\open\src\hotspot\share\prims\jni.cpp, line 516]
Event: 11485.396 Thread 0x00000185f822a0b0 Exception <a 'java/io/IOException'{0x00000000889c8a68}> (0x00000000889c8a68) 
thrown [s\open\src\hotspot\share\prims\jni.cpp, line 516]
Event: 11485.396 Thread 0x00000185f822a0b0 Exception <a 'java/io/IOException'{0x00000000889c9b18}> (0x00000000889c9b18) 
thrown [s\open\src\hotspot\share\prims\jni.cpp, line 516]
Event: 11485.401 Thread 0x00000185f822a0b0 Exception <a 'java/io/IOException'{0x00000000889cdf88}> (0x00000000889cdf88) 
thrown [s\open\src\hotspot\share\prims\jni.cpp, line 516]
Event: 11485.401 Thread 0x00000185f822a0b0 Exception <a 'java/io/IOException'{0x00000000889cf050}> (0x00000000889cf050) 
thrown [s\open\src\hotspot\share\prims\jni.cpp, line 516]
Event: 11485.404 Thread 0x00000185f822a0b0 Exception <a 'java/io/IOException'{0x00000000889d41b8}> (0x00000000889d41b8) 
thrown [s\open\src\hotspot\share\prims\jni.cpp, line 516]
Event: 11485.404 Thread 0x00000185f822a0b0 Exception <a 'java/io/IOException'{0x00000000889d5268}> (0x00000000889d5268) 
thrown [s\open\src\hotspot\share\prims\jni.cpp, line 516]
Event: 11485.484 Thread 0x00000185f8224590 Exception <a 'java/io/IOException'{0x000000008899aa48}> (0x000000008899aa48) 
thrown [s\open\src\hotspot\share\prims\jni.cpp, line 516]
Event: 11485.484 Thread 0x00000185f8224590 Exception <a 'java/io/IOException'{0x000000008899b850}> (0x000000008899b850) 
thrown [s\open\src\hotspot\share\prims\jni.cpp, line 516]

VM Operations (20 events):
Event: 11488.671 Executing VM operation: G1CollectForAllocation done
Event: 11489.140 Executing VM operation: G1CollectForAllocation
Event: 11489.194 Executing VM operation: G1CollectForAllocation done
Event: 11489.663 Executing VM operation: G1CollectForAllocation
Event: 11489.667 Executing VM operation: G1CollectForAllocation done
Event: 11490.176 Executing VM operation: G1CollectForAllocation
Event: 11490.178 Executing VM operation: G1CollectForAllocation done
Event: 11490.883 Executing VM operation: G1CollectForAllocation
Event: 11490.886 Executing VM operation: G1CollectForAllocation done
Event: 11491.393 Executing VM operation: G1CollectForAllocation
Event: 11491.396 Executing VM operation: G1CollectForAllocation done
Event: 11491.786 Executing VM operation: G1CollectForAllocation
Event: 11491.801 Executing VM operation: G1CollectForAllocation done
Event: 11492.279 Executing VM operation: G1CollectForAllocation
Event: 11492.281 Executing VM operation: G1CollectForAllocation done
Event: 11492.745 Executing VM operation: G1CollectForAllocation
Event: 11492.749 Executing VM operation: G1CollectForAllocation done
Event: 11493.303 Executing VM operation: G1CollectForAllocation
Event: 11493.310 Executing VM operation: G1CollectForAllocation done
Event: 11493.888 Executing VM operation: G1CollectForAllocation

Events (20 events):
Event: 10671.582 Thread 0x00000185f822b4f0 Thread added: 0x00000185f822b4f0
Event: 10671.584 Thread 0x00000185f822ba00 Thread added: 0x00000185f822ba00
Event: 10678.962 Thread 0x00000185f822b4f0 Thread exited: 0x00000185f822b4f0
Event: 10678.992 Thread 0x00000185f822ba00 Thread exited: 0x00000185f822ba00
Event: 10685.156 Thread 0x00000185f822b4f0 Thread added: 0x00000185f822b4f0
Event: 10685.156 Thread 0x00000185f8227d40 Thread added: 0x00000185f8227d40
Event: 10690.166 Thread 0x00000185f822b4f0 Thread exited: 0x00000185f822b4f0
Event: 10690.197 Thread 0x00000185f8227d40 Thread exited: 0x00000185f8227d40
Event: 10692.609 Thread 0x00000185f822b4f0 Thread added: 0x00000185f822b4f0
Event: 10692.609 Thread 0x00000185f8227d40 Thread added: 0x00000185f8227d40
Event: 10705.420 Thread 0x00000185f822b4f0 Thread exited: 0x00000185f822b4f0
Event: 10705.452 Thread 0x00000185f8227d40 Thread exited: 0x00000185f8227d40
Event: 10714.247 Thread 0x00000185f8227d40 Thread added: 0x00000185f8227d40
Event: 10714.247 Thread 0x00000185f822b4f0 Thread added: 0x00000185f822b4f0
Event: 10719.354 Thread 0x00000185f822b4f0 Thread exited: 0x00000185f822b4f0
Event: 10719.364 Thread 0x00000185f8227d40 Thread exited: 0x00000185f8227d40
Event: 11348.038 Thread 0x00000185b19ff080 Thread added: 0x00000185b19ff080
Event: 11355.314 Thread 0x00000185b19ff080 Thread exited: 0x00000185b19ff080
Event: 11485.382 Thread 0x00000185b19ff080 Thread added: 0x00000185b19ff080
Event: 11490.837 Thread 0x00000185b19ff080 Thread exited: 0x00000185b19ff080


Dynamic libraries:
0x00007ff6df160000 - 0x00007ff6df170000 	C:\Program Files\Java\jdk-17\bin\java.exe
0x00007ffd0d990000 - 0x00007ffd0dba7000 	C:\Windows\SYSTEM32\ntdll.dll
0x00007ffd0c250000 - 0x00007ffd0c314000 	C:\Windows\System32\KERNEL32.DLL
0x00007ffd0b310000 - 0x00007ffd0b6b7000 	C:\Windows\System32\KERNELBASE.dll
0x00007ffd0ad70000 - 0x00007ffd0ae81000 	C:\Windows\System32\ucrtbase.dll
0x00007ffc70940000 - 0x00007ffc7095b000 	C:\Program Files\Java\jdk-17\bin\VCRUNTIME140.dll
0x00007ffc5cc10000 - 0x00007ffc5cc29000 	C:\Program Files\Java\jdk-17\bin\jli.dll
0x00007ffd0b6c0000 - 0x00007ffd0b772000 	C:\Windows\System32\ADVAPI32.dll
0x00007ffd0cc30000 - 0x00007ffd0ccd7000 	C:\Windows\System32\msvcrt.dll
0x00007ffd0c820000 - 0x00007ffd0c8c8000 	C:\Windows\System32\sechost.dll
0x00007ffd0b1c0000 - 0x00007ffd0b1e8000 	C:\Windows\System32\bcrypt.dll
0x00007ffd0be50000 - 0x00007ffd0bf65000 	C:\Windows\System32\RPCRT4.dll
0x00007ffd0bc20000 - 0x00007ffd0bdce000 	C:\Windows\System32\USER32.dll
0x00007ffd0b260000 - 0x00007ffd0b286000 	C:\Windows\System32\win32u.dll
0x00007ffd00ce0000 - 0x00007ffd00f73000 	C:\Windows\WinSxS\amd64_microsoft.windows.common-controls_6595b64144ccf1df_6.0.22621.3527_none_270e469b73872a76\COMCTL32.dll
0x00007ffd0c940000 - 0x00007ffd0c969000 	C:\Windows\System32\GDI32.dll
0x00007ffd0b0a0000 - 0x00007ffd0b1b9000 	C:\Windows\System32\gdi32full.dll
0x00007ffd0b000000 - 0x00007ffd0b09a000 	C:\Windows\System32\msvcp_win.dll
0x00007ffd01040000 - 0x00007ffd0104a000 	C:\Windows\SYSTEM32\VERSION.dll
0x00007ffd0c650000 - 0x00007ffd0c681000 	C:\Windows\System32\IMM32.DLL
0x00007ffca20f0000 - 0x00007ffca20fc000 	C:\Program Files\Java\jdk-17\bin\vcruntime140_1.dll
0x00007ffc5c460000 - 0x00007ffc5c4ee000 	C:\Program Files\Java\jdk-17\bin\msvcp140.dll
0x00007ffc59820000 - 0x00007ffc5a3ff000 	C:\Program Files\Java\jdk-17\bin\server\jvm.dll
0x00007ffd0bc00000 - 0x00007ffd0bc08000 	C:\Windows\System32\PSAPI.DLL
0x00007ffcdab30000 - 0x00007ffcdab39000 	C:\Windows\SYSTEM32\WSOCK32.dll
0x00007ffd01050000 - 0x00007ffd01084000 	C:\Windows\SYSTEM32\WINMM.dll
0x00007ffd0bdd0000 - 0x00007ffd0be41000 	C:\Windows\System32\WS2_32.dll
0x00007ffd09d80000 - 0x00007ffd09d98000 	C:\Windows\SYSTEM32\kernel.appcore.dll
0x00007ffc6f9b0000 - 0x00007ffc6f9ba000 	C:\Program Files\Java\jdk-17\bin\jimage.dll
0x00007ffd083e0000 - 0x00007ffd08613000 	C:\Windows\SYSTEM32\DBGHELP.DLL
0x00007ffd0cd40000 - 0x00007ffd0d0c8000 	C:\Windows\System32\combase.dll
0x00007ffd0c320000 - 0x00007ffd0c3f7000 	C:\Windows\System32\OLEAUT32.dll
0x00007ffd000e0000 - 0x00007ffd00112000 	C:\Windows\SYSTEM32\dbgcore.DLL
0x00007ffd0b290000 - 0x00007ffd0b309000 	C:\Windows\System32\bcryptPrimitives.dll
0x00007ffc5cc00000 - 0x00007ffc5cc0e000 	C:\Program Files\Java\jdk-17\bin\instrument.dll
0x00007ffc5c430000 - 0x00007ffc5c455000 	C:\Program Files\Java\jdk-17\bin\java.dll
0x00007ffc5c350000 - 0x00007ffc5c427000 	C:\Program Files\Java\jdk-17\bin\jsvml.dll
0x00007ffd0d0f0000 - 0x00007ffd0d94c000 	C:\Windows\System32\SHELL32.dll
0x00007ffd08bb0000 - 0x00007ffd094a6000 	C:\Windows\SYSTEM32\windows.storage.dll
0x00007ffd08a70000 - 0x00007ffd08bae000 	C:\Windows\SYSTEM32\wintypes.dll
0x00007ffd0c970000 - 0x00007ffd0ca65000 	C:\Windows\System32\SHCORE.dll
0x00007ffd0cce0000 - 0x00007ffd0cd3e000 	C:\Windows\System32\shlwapi.dll
0x00007ffd0abe0000 - 0x00007ffd0ac01000 	C:\Windows\SYSTEM32\profapi.dll
0x00007ffc5c2f0000 - 0x00007ffc5c308000 	C:\Program Files\Java\jdk-17\bin\zip.dll
0x00007ffc5c330000 - 0x00007ffc5c349000 	C:\Program Files\Java\jdk-17\bin\net.dll
0x00007ffd02a00000 - 0x00007ffd02b36000 	C:\Windows\SYSTEM32\WINHTTP.dll
0x00007ffd0a1e0000 - 0x00007ffd0a249000 	C:\Windows\system32\mswsock.dll
0x00007ffc5c310000 - 0x00007ffc5c326000 	C:\Program Files\Java\jdk-17\bin\nio.dll
0x00007ffc5c290000 - 0x00007ffc5c2aa000 	C:\Program Files\JetBrains\IntelliJ IDEA 2023.3.4\bin\breakgen64.dll
0x00007ffd09730000 - 0x00007ffd09829000 	C:\Windows\SYSTEM32\DNSAPI.dll
0x00007ffd09700000 - 0x00007ffd0972d000 	C:\Windows\SYSTEM32\IPHLPAPI.DLL
0x00007ffd0c810000 - 0x00007ffd0c819000 	C:\Windows\System32\NSI.dll
0x00007ffd01380000 - 0x00007ffd0138a000 	C:\Windows\System32\rasadhlp.dll
0x00007ffd013e0000 - 0x00007ffd01463000 	C:\Windows\System32\fwpuclnt.dll
0x00007ffc5c2d0000 - 0x00007ffc5c2da000 	C:\Program Files\Java\jdk-17\bin\management.dll
0x00007ffc5c2c0000 - 0x00007ffc5c2cb000 	C:\Program Files\Java\jdk-17\bin\management_ext.dll
0x00007ffd0a530000 - 0x00007ffd0a54b000 	C:\Windows\SYSTEM32\CRYPTSP.dll
0x00007ffd09ce0000 - 0x00007ffd09d15000 	C:\Windows\system32\rsaenh.dll
0x00007ffd0a280000 - 0x00007ffd0a2a8000 	C:\Windows\SYSTEM32\USERENV.dll
0x00007ffd0a510000 - 0x00007ffd0a51c000 	C:\Windows\SYSTEM32\CRYPTBASE.dll
0x00007ffd02530000 - 0x00007ffd02549000 	C:\Windows\SYSTEM32\dhcpcsvc6.DLL
0x00007ffd02500000 - 0x00007ffd0251f000 	C:\Windows\SYSTEM32\dhcpcsvc.DLL
0x00007ffce3c30000 - 0x00007ffce3c47000 	C:\Windows\system32\napinsp.dll
0x00007ffce3bc0000 - 0x00007ffce3bdb000 	C:\Windows\system32\pnrpnsp.dll
0x00007ffce2f10000 - 0x00007ffce2f21000 	C:\Windows\System32\winrnr.dll
0x00007ffce2ee0000 - 0x00007ffce2ef5000 	C:\Windows\system32\wshbth.dll
0x00007ffce2eb0000 - 0x00007ffce2ed1000 	C:\Windows\system32\nlansp_c.dll
0x00007ffc5c2b0000 - 0x00007ffc5c2be000 	C:\Program Files\Java\jdk-17\bin\sunmscapi.dll
0x00007ffd0ae90000 - 0x00007ffd0aff7000 	C:\Windows\System32\CRYPT32.dll
0x00007ffd0a630000 - 0x00007ffd0a65e000 	C:\Windows\SYSTEM32\ncrypt.dll
0x00007ffd0a5f0000 - 0x00007ffd0a627000 	C:\Windows\SYSTEM32\NTASN1.dll
0x00007ffc5c9a0000 - 0x00007ffc5c9b0000 	C:\Program Files\Java\jdk-17\bin\verify.dll
0x00007ffccedc0000 - 0x00007ffccedc8000 	C:\Windows\system32\wshunix.dll

dbghelp: loaded successfully - version: 4.0.5 - missing functions: none
symbol engine: initialized successfully - sym options: 0x614 - pdb path: .;C:\Program Files\Java\jdk-17\bin;C:\Windows\SYSTEM32;C:\Windows\WinSxS\amd64_microsoft.windows.common-controls_6595b64144ccf1df_6.0.22621.3527_none_270e469b73872a76;C:\Program Files\Java\jdk-17\bin\server;C:\Program Files\JetBrains\IntelliJ IDEA 2023.3.4\bin

VM Arguments:
jvm_args: -XX:TieredStopAtLevel=1 -Dspring.output.ansi.enabled=always -Dcom.sun.management.jmxremote -Dspring.jmx.enabled=true -Dspring.liveBeansView.mbeanDomain -Dspring.application.admin.enabled=true -Dmanagement.endpoints.jmx.exposure.include=* -javaagent:C:\Program Files\JetBrains\IntelliJ IDEA 2023.3.4\lib\idea_rt.jar=50734:C:\Program Files\JetBrains\IntelliJ IDEA 2023.3.4\bin -Dfile.encoding=UTF-8 
java_command: com.example.ecommerce.EcommerceApplication
java_class_path (initial): C:\Users\eslam\Downloads\NEWPROJECT\clothes-shop-back\target\classes;C:\Users\eslam\.m2\repository\org\springframework\boot\spring-boot-starter-data-jpa\3.2.5\spring-boot-starter-data-jpa-3.2.5.jar;C:\Users\eslam\.m2\repository\org\springframework\boot\spring-boot-starter-aop\3.2.5\spring-boot-starter-aop-3.2.5.jar;C:\Users\eslam\.m2\repository\org\aspectj\aspectjweaver\1.9.22\aspectjweaver-1.9.22.jar;C:\Users\eslam\.m2\repository\org\springframework\boot\spring-boot-starter-jdbc\3.2.5\spring-boot-starter-jdbc-3.2.5.jar;C:\Users\eslam\.m2\repository\com\zaxxer\HikariCP\5.0.1\HikariCP-5.0.1.jar;C:\Users\eslam\.m2\repository\org\springframework\spring-jdbc\6.1.6\spring-jdbc-6.1.6.jar;C:\Users\eslam\.m2\repository\org\hibernate\orm\hibernate-core\6.4.4.Final\hibernate-core-6.4.4.Final.jar;C:\Users\eslam\.m2\repository\jakarta\persistence\jakarta.persistence-api\3.1.0\jakarta.persistence-api-3.1.0.jar;C:\Users\eslam\.m2\repository\jakarta\transaction\jakarta.transaction-api\2.0.1\jakarta.transaction-api-2.0.1.jar;C:\Users\eslam\.m2\repository\org\jboss\logging\jboss-logging\3.5.3.Final\jboss-logging-3.5.3.Final.jar;C:\Users\eslam\.m2\repository\org\hibernate\common\hibernate-commons-annotations\6.0.6.Final\hibernate-commons-annotations-6.0.6.Final.jar;C:\Users\eslam\.m2\repository\io\smallrye\jandex\3.1.2\jandex-3.1.2.jar;C:\Users\eslam\.m2\repository\com\fasterxml\classmate\1.6.0\classmate-1.6.0.jar;C:\Users\eslam\.m2\repository\net\bytebuddy\byte-buddy\1.14.13\byte-buddy-1.14.13.jar;C:\Users\eslam\.m2\repository\org\glassfish\jaxb\jaxb-runtime\4.0.5\jaxb-runtime-4.0.5.jar;C:\Users\eslam\.m2\repository\org\glassfish\jaxb\jaxb-core\4.0.5\jaxb-core-4.0.5.jar;C:\Users\eslam\.m2\repository\org\eclipse\angus\angus-activation\2.0.2\angus-activation-2.0.2.jar;C:\Users\eslam\.m2\repository\org\glassfish\jaxb\txw2\4.0.5\txw2-4.0.5.jar;C:\Users\eslam\.m2\repository\com\sun\istack\istack-commons-runtime\4.1.2\istack-commons-runtime-4.1.2.jar;C:\Users\
Launcher Type: SUN_STANDARD

[Global flags]
     intx CICompilerCount                          = 4                                         {product} {ergonomic}
     uint ConcGCThreads                            = 3                                         {product} {ergonomic}
     uint G1ConcRefinementThreads                  = 10                                        {product} {ergonomic}
   size_t G1HeapRegionSize                         = 1048576                                   {product} {ergonomic}
    uintx GCDrainStackTargetSize                   = 64                                        {product} {ergonomic}
   size_t InitialHeapSize                          = 130023424                                 {product} {ergonomic}
     bool ManagementServer                         = true                                      {product} {command line}
   size_t MarkStackSize                            = 4194304                                   {product} {ergonomic}
   size_t MaxHeapSize                              = 2076180480                                {product} {ergonomic}
   size_t MaxNewSize                               = 1245708288                                {product} {ergonomic}
   size_t MinHeapDeltaBytes                        = 1048576                                   {product} {ergonomic}
   size_t MinHeapSize                              = 8388608                                   {product} {ergonomic}
    uintx NonProfiledCodeHeapSize                  = 0                                      {pd product} {ergonomic}
     bool ProfileInterpreter                       = false                                  {pd product} {command line}
    uintx ProfiledCodeHeapSize                     = 0                                      {pd product} {ergonomic}
   size_t SoftMaxHeapSize                          = 2076180480                             {manageable} {ergonomic}
     intx TieredStopAtLevel                        = 1                                         {product} {command line}
     bool UseCompressedClassPointers               = true                           {product lp64_product} {ergonomic}
     bool UseCompressedOops                        = true                           {product lp64_product} {ergonomic}
     bool UseG1GC                                  = true                                      {product} {ergonomic}
     bool UseLargePagesIndividualAllocation        = false                                  {pd product} {ergonomic}

Logging:
Log output configuration:
 #0: stdout all=warning uptime,level,tags
 #1: stderr all=off uptime,level,tags

Environment Variables:
JAVA_HOME=C:\Program Files\Java\jdk-17
PATH=C:\Program Files\Common Files\Oracle\Java\javapath;C:\Program Files (x86)\Common Files\Oracle\Java\javapath;C:\oraclexe\app\oracle\product\11.2.0\server\bin;C:\app\Eslam\product\21c\dbhomeXE\bin;C:\Program Files (x86)\Common Files\Intel\Shared Libraries\redist\intel64\compiler;C:\Windows\system32;C:\Windows;C:\Windows\System32\Wbem;C:\Windows\System32\WindowsPowerShell\v1.0\;C:\Windows\System32\OpenSSH\;C:\xampp\php;C:\ProgramData\ComposerSetup\bin;C:\Program Files\Git\cmd;C:\Program Files (x86)\NVIDIA Corporation\PhysX\Common;C:\Program Files\NVIDIA Corporation\NVIDIA NvDLISR;C:\Program Files (x86)\Microsoft SQL Server\160\Tools\Binn\;C:\Program Files\Microsoft SQL Server\160\Tools\Binn\;C:\Program Files\Microsoft SQL Server\Client SDK\ODBC\170\Tools\Binn\;C:\Program Files\Microsoft SQL Server\160\DTS\Binn\;C:\Program Files (x86)\Microsoft SQL Server\160\DTS\Binn\;C:\Program Files\Azure Data Studio\bin;C:\Program Files\Java\jdk-17\bin;C:\Program Files\dotnet\;C:\Users\eslam\AppData\Local\Programs\Python\Python312\;C:\Users\eslam\AppData\Local\Programs\Python\Python312\Scripts\;C:\Program Files\Maven\apache-maven-3.9.6\bin;;C:\Program Files\Docker\Docker\resources\bin;C:\Program Files\nodejs\;C:\Users\eslam\AppData\Local\Programs\Python\Python312\Scripts\;C:\Users\eslam\AppData\Local\Programs\Python\Python312\;C:\Users\eslam\AppData\Local\Microsoft\WindowsApps;C:\Users\eslam\AppData\Roaming\Composer\vendor\bin;C:\Users\eslam\AppData\Local\Programs\Microsoft VS Code\bin;C:\src\flutter\bin;C:\msys64\mingw64\bin;C:\Program Files\JetBrains\PyCharm 2022.3.1\bin;;C:\Program Files\Azure Data Studio\bin;C:\Users\eslam\.dotnet\tools;C:\Program Files\JetBrains\IntelliJ IDEA 2023.3.4\bin;;C:\Program Files\JetBrains\JetBrains Rider 2023.3.3\bin;;C:\Users\eslam\AppData\Roaming\npm;C:\Program Files\JetBrains\WebStorm 2024.1.1\bin;
USERNAME=Eslam
OS=Windows_NT
PROCESSOR_IDENTIFIER=Intel64 Family 6 Model 141 Stepping 1, GenuineIntel



---------------  S Y S T E M  ---------------

OS:
 Windows 11 , 64 bit Build 22621 (10.0.22621.3527)
OS uptime: 0 days 3:17 hours
Hyper-V role detected

CPU: total 12 (initial active 12) (6 cores per cpu, 2 threads per core) family 6 model 141 stepping 1 microcode 0x4e, cx8, cmov, fxsr, ht, mmx, 3dnowpref, sse, sse2, sse3, ssse3, sse4.1, sse4.2, popcnt, lzcnt, tsc, tscinvbit, avx, avx2, aes, erms, clmul, bmi1, bmi2, adx, avx512f, avx512dq, avx512cd, avx512bw, avx512vl, sha, fma, vzeroupper, avx512_vpopcntdq, avx512_vpclmulqdq, avx512_vaes, avx512_vnni, clflush, clflushopt, clwb, avx512_vbmi2, avx512_vbmi, hv

Memory: 4k page, system-wide physical 7918M (698M free)
TotalPageFile size 28839M (AvailPageFile size 0M)
current process WorkingSet (physical memory assigned to process): 158M, peak: 259M
current process commit charge ("private bytes"): 384M, peak: 415M

vm_info: Java HotSpot(TM) 64-Bit Server VM (17.0.10+11-LTS-240) for windows-amd64 JRE (17.0.10+11-LTS-240), built on Dec 19 2023 21:47:25 by "mach5one" with MS VC++ 17.1 (VS2022)

END.
